
Turn #1
------------------
Player 1 targets Row 7 Column 9.
Player 1's shot missed.

Turn #2
------------------
Player 2 targets Row 6 Column 3.
Player 2's shot missed.

Turn #3
------------------
Player 1 targets Row 9 Column 1.
Player 1's shot missed.

Turn #4
------------------
Player 2 targets Row 1 Column 7.
Player 2's shot on Row 1 Column 7 hits enemy Cruiser.
Enemy Cruiser takes damage.

Turn #5
------------------
Player 1 targets Row 2 Column 5.
Player 1's shot missed.

Turn #6
------------------
Player 2 targets Row 0 Column 7.
Player 2's shot on Row 0 Column 7 hits enemy Cruiser.
Enemy Cruiser takes damage.

Turn #7
------------------
Player 1 targets Row 8 Column 8.
Player 1's shot missed.

Turn #8
------------------
Player 2 targets Row 0 Column 6.
Player 2's shot on Row 0 Column 6 hits enemy Battleship.
Enemy Battleship takes damage.

Turn #9
------------------
Player 1 targets Row 6 Column 4.
Player 1's shot missed.

Turn #10
------------------
Player 2 targets Row 0 Column 5.
Player 2's shot missed.

Turn #11
------------------
Player 1 targets Row 0 Column 7.
Player 1's shot missed.

Turn #12
------------------
Player 2 targets Row 1 Column 6.
Player 2's shot on Row 1 Column 6 hits enemy Battleship.
Enemy Battleship takes damage.

Turn #13
------------------
Player 1 targets Row 1 Column 2.
Player 1's shot missed.

Turn #14
------------------
Player 2 targets Row 0 Column 8.
Player 2's shot missed.

Turn #15
------------------
Player 1 targets Row 3 Column 3.
Player 1's shot missed.

Turn #16
------------------
Player 2 targets Row 1 Column 5.
Player 2's shot missed.

Turn #17
------------------
Player 1 targets Row 6 Column 1.
Player 1's shot on Row 6 Column 1 hits enemy Destroyer.
Enemy Destroyer takes damage.

Turn #18
------------------
Player 2 targets Row 2 Column 6.
Player 2's shot on Row 2 Column 6 hits enemy Battleship.
Enemy Battleship takes damage.

Turn #19
------------------
Player 1 targets Row 5 Column 1.
Player 1's shot on Row 5 Column 1 hits enemy Destroyer.
Enemy Destroyer takes damage.
Player 1 has sunk the enemy Destroyer!

Turn #20
------------------
Player 2 targets Row 1 Column 8.
Player 2's shot missed.

Turn #21
------------------
Player 1 targets Row 4 Column 1.
Player 1's shot missed.

Turn #22
------------------
Player 2 targets Row 2 Column 7.
Player 2's shot on Row 2 Column 7 hits enemy Cruiser.
Enemy Cruiser takes damage.
Player 2 has sunk the enemy Cruiser!

Turn #23
------------------
Player 1 targets Row 5 Column 0.
Player 1's shot missed.

Turn #24
------------------
Player 2 targets Row 2 Column 5.
Player 2's shot missed.

Turn #25
------------------
Player 1 targets Row 5 Column 2.
Player 1's shot on Row 5 Column 2 hits enemy Battleship.
Enemy Battleship takes damage.

Turn #26
------------------
Player 2 targets Row 3 Column 6.
Player 2's shot on Row 3 Column 6 hits enemy Battleship.
Enemy Battleship takes damage.
Player 2 has sunk the enemy Battleship!

Turn #27
------------------
Player 1 targets Row 4 Column 2.
Player 1's shot on Row 4 Column 2 hits enemy Battleship.
Enemy Battleship takes damage.

Turn #28
------------------
Player 2 targets Row 2 Column 8.
Player 2's shot missed.

Turn #29
------------------
Player 1 targets Row 3 Column 2.
Player 1's shot on Row 3 Column 2 hits enemy Battleship.
Enemy Battleship takes damage.

Turn #30
------------------
Player 2 targets Row 3 Column 7.
Player 2's shot missed.

Turn #31
------------------
Player 1 targets Row 2 Column 2.
Player 1's shot on Row 2 Column 2 hits enemy Battleship.
Enemy Battleship takes damage.
Player 1 has sunk the enemy Battleship!

Turn #32
------------------
Player 2 targets Row 3 Column 5.
Player 2's shot on Row 3 Column 5 hits enemy Submarine.
Enemy Submarine takes damage.

Turn #33
------------------
Player 1 targets Row 2 Column 1.
Player 1's shot missed.

Turn #34
------------------
Player 2 targets Row 3 Column 4.
Player 2's shot missed.

Turn #35
------------------
Player 1 targets Row 2 Column 3.
Player 1's shot missed.

Turn #36
------------------
Player 2 targets Row 4 Column 5.
Player 2's shot on Row 4 Column 5 hits enemy Submarine.
Enemy Submarine takes damage.

Turn #37
------------------
Player 1 targets Row 3 Column 1.
Player 1's shot missed.

Turn #38
------------------
Player 2 targets Row 4 Column 6.
Player 2's shot missed.

Turn #39
------------------
Player 1 targets Row 4 Column 3.
Player 1's shot on Row 4 Column 3 hits enemy Carrier.
Enemy Carrier takes damage.

Turn #40
------------------
Player 2 targets Row 4 Column 4.
Player 2's shot missed.

Turn #41
------------------
Player 1 targets Row 4 Column 4.
Player 1's shot missed.

Turn #42
------------------
Player 2 targets Row 5 Column 5.
Player 2's shot on Row 5 Column 5 hits enemy Submarine.
Enemy Submarine takes damage.
Player 2 has sunk the enemy Submarine!

Turn #43
------------------
Player 1 targets Row 5 Column 3.
Player 1's shot on Row 5 Column 3 hits enemy Carrier.
Enemy Carrier takes damage.

Turn #44
------------------
Player 2 targets Row 5 Column 4.
Player 2's shot missed.

Turn #45
------------------
Player 1 targets Row 6 Column 2.
Player 1's shot on Row 6 Column 2 hits enemy Submarine.
Enemy Submarine takes damage.

Turn #46
------------------
Player 2 targets Row 5 Column 6.
Player 2's shot missed.

Turn #47
------------------
Player 1 targets Row 5 Column 4.
Player 1's shot missed.

Turn #48
------------------
Player 2 targets Row 6 Column 5.
Player 2's shot missed.

Turn #49
------------------
Player 1 targets Row 6 Column 3.
Player 1's shot on Row 6 Column 3 hits enemy Carrier.
Enemy Carrier takes damage.

Turn #50
------------------
Player 2 targets Row 0 Column 2.
Player 2's shot missed.

Turn #51
------------------
Player 1 targets Row 6 Column 0.
Player 1's shot missed.

Turn #52
------------------
Player 2 targets Row 5 Column 9.
Player 2's shot missed.

Turn #53
------------------
Player 1 targets Row 7 Column 1.
Player 1's shot missed.

Turn #54
------------------
Player 2 targets Row 1 Column 1.
Player 2's shot missed.

Turn #55
------------------
Player 1 targets Row 7 Column 2.
Player 1's shot on Row 7 Column 2 hits enemy Submarine.
Enemy Submarine takes damage.

Turn #56
------------------
Player 2 targets Row 8 Column 1.
Player 2's shot missed.

Turn #57
------------------
Player 1 targets Row 7 Column 3.
Player 1's shot on Row 7 Column 3 hits enemy Carrier.
Enemy Carrier takes damage.

Turn #58
------------------
Player 2 targets Row 2 Column 0.
Player 2's shot missed.

Turn #59
------------------
Player 1 targets Row 8 Column 2.
Player 1's shot on Row 8 Column 2 hits enemy Submarine.
Enemy Submarine takes damage.
Player 1 has sunk the enemy Submarine!

Turn #60
------------------
Player 2 targets Row 4 Column 8.
Player 2's shot missed.

Turn #61
------------------
Player 1 targets Row 7 Column 4.
Player 1's shot missed.

Turn #62
------------------
Player 2 targets Row 0 Column 4.
Player 2's shot missed.

Turn #63
------------------
Player 1 targets Row 8 Column 3.
Player 1's shot on Row 8 Column 3 hits enemy Carrier.
Enemy Carrier takes damage.
Player 1 has sunk the enemy Carrier!

Turn #64
------------------
Player 2 targets Row 2 Column 1.
Player 2's shot missed.

Turn #65
------------------
Player 1 targets Row 8 Column 1.
Player 1's shot missed.

Turn #66
------------------
Player 2 targets Row 8 Column 7.
Player 2's shot missed.

Turn #67
------------------
Player 1 targets Row 9 Column 2.
Player 1's shot missed.

Turn #68
------------------
Player 2 targets Row 6 Column 2.
Player 2's shot on Row 6 Column 2 hits enemy Carrier.
Enemy Carrier takes damage.

Turn #69
------------------
Player 1 targets Row 8 Column 4.
Player 1's shot missed.

Turn #70
------------------
Player 2 targets Row 5 Column 2.
Player 2's shot on Row 5 Column 2 hits enemy Carrier.
Enemy Carrier takes damage.

Turn #71
------------------
Player 1 targets Row 9 Column 3.
Player 1's shot missed.

Turn #72
------------------
Player 2 targets Row 4 Column 2.
Player 2's shot missed.

Turn #73
------------------
Player 1 targets Row 0 Column 1.
Player 1's shot missed.

Turn #74
------------------
Player 2 targets Row 5 Column 1.
Player 2's shot missed.

Turn #75
------------------
Player 1 targets Row 0 Column 3.
Player 1's shot missed.

Turn #76
------------------
Player 2 targets Row 5 Column 3.
Player 2's shot missed.

Turn #77
------------------
Player 1 targets Row 3 Column 9.
Player 1's shot missed.

Turn #78
------------------
Player 2 targets Row 6 Column 1.
Player 2's shot missed.

Turn #79
------------------
Player 1 targets Row 7 Column 5.
Player 1's shot missed.

Turn #80
------------------
Player 2 targets Row 7 Column 2.
Player 2's shot on Row 7 Column 2 hits enemy Carrier.
Enemy Carrier takes damage.

Turn #81
------------------
Player 1 targets Row 2 Column 8.
Player 1's shot missed.

Turn #82
------------------
Player 2 targets Row 7 Column 1.
Player 2's shot missed.

Turn #83
------------------
Player 1 targets Row 4 Column 9.
Player 1's shot missed.

Turn #84
------------------
Player 2 targets Row 7 Column 3.
Player 2's shot missed.

Turn #85
------------------
Player 1 targets Row 0 Column 2.
Player 1's shot missed.

Turn #86
------------------
Player 2 targets Row 8 Column 2.
Player 2's shot on Row 8 Column 2 hits enemy Carrier.
Enemy Carrier takes damage.

Turn #87
------------------
Player 1 targets Row 4 Column 0.
Player 1's shot missed.

Turn #88
------------------
Player 2 targets Row 8 Column 3.
Player 2's shot missed.

Turn #89
------------------
Player 1 targets Row 6 Column 6.
Player 1's shot missed.

Turn #90
------------------
Player 2 targets Row 9 Column 2.
Player 2's shot on Row 9 Column 2 hits enemy Carrier.
Enemy Carrier takes damage.
Player 2 has sunk the enemy Carrier!

Turn #91
------------------
Player 1 targets Row 6 Column 5.
Player 1's shot missed.

Turn #92
------------------
Player 2 targets Row 9 Column 1.
Player 2's shot missed.

Turn #93
------------------
Player 1 targets Row 6 Column 8.
Player 1's shot missed.

Turn #94
------------------
Player 2 targets Row 9 Column 3.
Player 2's shot missed.

Turn #95
------------------
Player 1 targets Row 0 Column 0.
Player 1's shot missed.

Turn #96
------------------
Player 2 targets Row 7 Column 5.
Player 2's shot missed.

Turn #97
------------------
Player 1 targets Row 1 Column 3.
Player 1's shot missed.

Turn #98
------------------
Player 2 targets Row 2 Column 2.
Player 2's shot missed.

Turn #99
------------------
Player 1 targets Row 2 Column 4.
Player 1's shot missed.

Turn #100
------------------
Player 2 targets Row 4 Column 7.
Player 2's shot missed.

Turn #101
------------------
Player 1 targets Row 8 Column 6.
Player 1's shot missed.

Turn #102
------------------
Player 2 targets Row 0 Column 3.
Player 2's shot missed.

Turn #103
------------------
Player 1 targets Row 4 Column 8.
Player 1's shot missed.

Turn #104
------------------
Player 2 targets Row 1 Column 9.
Player 2's shot missed.

Turn #105
------------------
Player 1 targets Row 5 Column 9.
Player 1's shot missed.

Turn #106
------------------
Player 2 targets Row 8 Column 8.
Player 2's shot missed.

Turn #107
------------------
Player 1 targets Row 1 Column 4.
Player 1's shot missed.

Turn #108
------------------
Player 2 targets Row 5 Column 7.
Player 2's shot missed.

Turn #109
------------------
Player 1 targets Row 7 Column 6.
Player 1's shot missed.

Turn #110
------------------
Player 2 targets Row 3 Column 9.
Player 2's shot missed.

Turn #111
------------------
Player 1 targets Row 7 Column 0.
Player 1's shot missed.

Turn #112
------------------
Player 2 targets Row 0 Column 9.
Player 2's shot missed.

Turn #113
------------------
Player 1 targets Row 2 Column 7.
Player 1's shot missed.

Turn #114
------------------
Player 2 targets Row 3 Column 8.
Player 2's shot missed.

Turn #115
------------------
Player 1 targets Row 8 Column 5.
Player 1's shot missed.

Turn #116
------------------
Player 2 targets Row 0 Column 1.
Player 2's shot missed.

Turn #117
------------------
Player 1 targets Row 6 Column 9.
Player 1's shot missed.

Turn #118
------------------
Player 2 targets Row 7 Column 4.
Player 2's shot missed.

Turn #119
------------------
Player 1 targets Row 1 Column 9.
Player 1's shot missed.

Turn #120
------------------
Player 2 targets Row 7 Column 6.
Player 2's shot missed.

Turn #121
------------------
Player 1 targets Row 0 Column 6.
Player 1's shot missed.

Turn #122
------------------
Player 2 targets Row 9 Column 6.
Player 2's shot missed.

Turn #123
------------------
Player 1 targets Row 9 Column 0.
Player 1's shot missed.

Turn #124
------------------
Player 2 targets Row 6 Column 4.
Player 2's shot missed.

Turn #125
------------------
Player 1 targets Row 3 Column 6.
Player 1's shot missed.

Turn #126
------------------
Player 2 targets Row 7 Column 7.
Player 2's shot missed.

Turn #127
------------------
Player 1 targets Row 7 Column 7.
Player 1's shot on Row 7 Column 7 hits enemy Cruiser.
Enemy Cruiser takes damage.

Turn #128
------------------
Player 2 targets Row 4 Column 1.
Player 2's shot missed.

Turn #129
------------------
Player 1 targets Row 6 Column 7.
Player 1's shot on Row 6 Column 7 hits enemy Cruiser.
Enemy Cruiser takes damage.

Turn #130
------------------
Player 2 targets Row 6 Column 6.
Player 2's shot missed.

Turn #131
------------------
Player 1 targets Row 5 Column 7.
Player 1's shot missed.

Turn #132
------------------
Player 2 targets Row 9 Column 5.
Player 2's shot missed.

Turn #133
------------------
Player 1 targets Row 7 Column 8.
Player 1's shot missed.

Turn #134
------------------
Player 2 targets Row 3 Column 2.
Player 2's shot missed.

Turn #135
------------------
Player 1 targets Row 8 Column 7.
Player 1's shot on Row 8 Column 7 hits enemy Cruiser.
Enemy Cruiser takes damage.
Player 1 has sunk the enemy Cruiser!
Player 1 has sunk all enemy ships.
Player 1 has won the game!

***End of Game 1 Statistics***
Game 1 lasted 135 turns.
Total shots fired: 135
Total shots hit: 32
Total shots missed: 103
Total ships sunk: 9

Player 1 Statistics:
   Number of hits: 17
   Number of misses: 51
   Number of shots: 68
   Hit percentage: 25.00%
   Ships sunk: 5
   Was winner: 1

Player 2 Statistics:
   Number of hits: 15
   Number of misses: 52
   Number of shots: 67
   Hit percentage: 22.39%
   Ships sunk: 4
   Was winner: 0


Turn #1
------------------
Player 2 targets Row 3 Column 3.
Player 2's shot missed.

Turn #2
------------------
Player 1 targets Row 8 Column 5.
Player 1's shot missed.

Turn #3
------------------
Player 2 targets Row 9 Column 0.
Player 2's shot missed.

Turn #4
------------------
Player 1 targets Row 7 Column 7.
Player 1's shot missed.

Turn #5
------------------
Player 2 targets Row 5 Column 4.
Player 2's shot missed.

Turn #6
------------------
Player 1 targets Row 9 Column 8.
Player 1's shot missed.

Turn #7
------------------
Player 2 targets Row 4 Column 9.
Player 2's shot missed.

Turn #8
------------------
Player 1 targets Row 0 Column 9.
Player 1's shot missed.

Turn #9
------------------
Player 2 targets Row 0 Column 0.
Player 2's shot on Row 0 Column 0 hits enemy Cruiser.
Enemy Cruiser takes damage.

Turn #10
------------------
Player 1 targets Row 4 Column 1.
Player 1's shot missed.

Turn #11
------------------
Player 2 targets Row 0 Column 1.
Player 2's shot missed.

Turn #12
------------------
Player 1 targets Row 2 Column 9.
Player 1's shot missed.

Turn #13
------------------
Player 2 targets Row 1 Column 0.
Player 2's shot on Row 1 Column 0 hits enemy Cruiser.
Enemy Cruiser takes damage.

Turn #14
------------------
Player 1 targets Row 5 Column 6.
Player 1's shot missed.

Turn #15
------------------
Player 2 targets Row 1 Column 1.
Player 2's shot on Row 1 Column 1 hits enemy Carrier.
Enemy Carrier takes damage.

Turn #16
------------------
Player 1 targets Row 0 Column 8.
Player 1's shot on Row 0 Column 8 hits enemy Cruiser.
Enemy Cruiser takes damage.

Turn #17
------------------
Player 2 targets Row 2 Column 0.
Player 2's shot on Row 2 Column 0 hits enemy Cruiser.
Enemy Cruiser takes damage.
Player 2 has sunk the enemy Cruiser!

Turn #18
------------------
Player 1 targets Row 0 Column 7.
Player 1's shot missed.

Turn #19
------------------
Player 2 targets Row 1 Column 2.
Player 2's shot missed.

Turn #20
------------------
Player 1 targets Row 1 Column 8.
Player 1's shot on Row 1 Column 8 hits enemy Cruiser.
Enemy Cruiser takes damage.

Turn #21
------------------
Player 2 targets Row 2 Column 1.
Player 2's shot on Row 2 Column 1 hits enemy Carrier.
Enemy Carrier takes damage.

Turn #22
------------------
Player 1 targets Row 1 Column 7.
Player 1's shot missed.

Turn #23
------------------
Player 2 targets Row 3 Column 0.
Player 2's shot missed.

Turn #24
------------------
Player 1 targets Row 1 Column 9.
Player 1's shot missed.

Turn #25
------------------
Player 2 targets Row 2 Column 2.
Player 2's shot missed.

Turn #26
------------------
Player 1 targets Row 2 Column 8.
Player 1's shot on Row 2 Column 8 hits enemy Cruiser.
Enemy Cruiser takes damage.
Player 1 has sunk the enemy Cruiser!

Turn #27
------------------
Player 2 targets Row 3 Column 1.
Player 2's shot on Row 3 Column 1 hits enemy Carrier.
Enemy Carrier takes damage.

Turn #28
------------------
Player 1 targets Row 2 Column 7.
Player 1's shot on Row 2 Column 7 hits enemy Carrier.
Enemy Carrier takes damage.

Turn #29
------------------
Player 2 targets Row 3 Column 2.
Player 2's shot on Row 3 Column 2 hits enemy Destroyer.
Enemy Destroyer takes damage.

Turn #30
------------------
Player 1 targets Row 2 Column 6.
Player 1's shot missed.

Turn #31
------------------
Player 2 targets Row 4 Column 1.
Player 2's shot on Row 4 Column 1 hits enemy Carrier.
Enemy Carrier takes damage.

Turn #32
------------------
Player 1 targets Row 3 Column 7.
Player 1's shot on Row 3 Column 7 hits enemy Carrier.
Enemy Carrier takes damage.

Turn #33
------------------
Player 2 targets Row 4 Column 2.
Player 2's shot on Row 4 Column 2 hits enemy Destroyer.
Enemy Destroyer takes damage.
Player 2 has sunk the enemy Destroyer!

Turn #34
------------------
Player 1 targets Row 3 Column 8.
Player 1's shot missed.

Turn #35
------------------
Player 2 targets Row 4 Column 0.
Player 2's shot missed.

Turn #36
------------------
Player 1 targets Row 3 Column 6.
Player 1's shot missed.

Turn #37
------------------
Player 2 targets Row 5 Column 1.
Player 2's shot on Row 5 Column 1 hits enemy Carrier.
Enemy Carrier takes damage.
Player 2 has sunk the enemy Carrier!

Turn #38
------------------
Player 1 targets Row 4 Column 7.
Player 1's shot on Row 4 Column 7 hits enemy Carrier.
Enemy Carrier takes damage.

Turn #39
------------------
Player 2 targets Row 4 Column 3.
Player 2's shot missed.

Turn #40
------------------
Player 1 targets Row 4 Column 6.
Player 1's shot missed.

Turn #41
------------------
Player 2 targets Row 5 Column 2.
Player 2's shot missed.

Turn #42
------------------
Player 1 targets Row 4 Column 8.
Player 1's shot missed.

Turn #43
------------------
Player 2 targets Row 5 Column 0.
Player 2's shot missed.

Turn #44
------------------
Player 1 targets Row 5 Column 7.
Player 1's shot on Row 5 Column 7 hits enemy Carrier.
Enemy Carrier takes damage.

Turn #45
------------------
Player 2 targets Row 6 Column 1.
Player 2's shot missed.

Turn #46
------------------
Player 1 targets Row 5 Column 8.
Player 1's shot missed.

Turn #47
------------------
Player 2 targets Row 0 Column 6.
Player 2's shot missed.

Turn #48
------------------
Player 1 targets Row 6 Column 7.
Player 1's shot on Row 6 Column 7 hits enemy Carrier.
Enemy Carrier takes damage.
Player 1 has sunk the enemy Carrier!

Turn #49
------------------
Player 2 targets Row 4 Column 4.
Player 2's shot missed.

Turn #50
------------------
Player 1 targets Row 6 Column 6.
Player 1's shot missed.

Turn #51
------------------
Player 2 targets Row 7 Column 3.
Player 2's shot missed.

Turn #52
------------------
Player 1 targets Row 6 Column 8.
Player 1's shot on Row 6 Column 8 hits enemy Submarine.
Enemy Submarine takes damage.

Turn #53
------------------
Player 2 targets Row 2 Column 6.
Player 2's shot missed.

Turn #54
------------------
Player 1 targets Row 6 Column 9.
Player 1's shot missed.

Turn #55
------------------
Player 2 targets Row 8 Column 8.
Player 2's shot missed.

Turn #56
------------------
Player 1 targets Row 7 Column 8.
Player 1's shot on Row 7 Column 8 hits enemy Submarine.
Enemy Submarine takes damage.

Turn #57
------------------
Player 2 targets Row 9 Column 5.
Player 2's shot missed.

Turn #58
------------------
Player 1 targets Row 7 Column 9.
Player 1's shot missed.

Turn #59
------------------
Player 2 targets Row 7 Column 9.
Player 2's shot missed.

Turn #60
------------------
Player 1 targets Row 8 Column 8.
Player 1's shot on Row 8 Column 8 hits enemy Submarine.
Enemy Submarine takes damage.
Player 1 has sunk the enemy Submarine!

Turn #61
------------------
Player 2 targets Row 7 Column 8.
Player 2's shot missed.

Turn #62
------------------
Player 1 targets Row 8 Column 7.
Player 1's shot missed.

Turn #63
------------------
Player 2 targets Row 9 Column 6.
Player 2's shot missed.

Turn #64
------------------
Player 1 targets Row 8 Column 9.
Player 1's shot missed.

Turn #65
------------------
Player 2 targets Row 4 Column 8.
Player 2's shot missed.

Turn #66
------------------
Player 1 targets Row 9 Column 1.
Player 1's shot on Row 9 Column 1 hits enemy Destroyer.
Enemy Destroyer takes damage.

Turn #67
------------------
Player 2 targets Row 9 Column 7.
Player 2's shot missed.

Turn #68
------------------
Player 1 targets Row 8 Column 1.
Player 1's shot on Row 8 Column 1 hits enemy Destroyer.
Enemy Destroyer takes damage.
Player 1 has sunk the enemy Destroyer!

Turn #69
------------------
Player 2 targets Row 1 Column 5.
Player 2's shot on Row 1 Column 5 hits enemy Battleship.
Enemy Battleship takes damage.

Turn #70
------------------
Player 1 targets Row 7 Column 1.
Player 1's shot missed.

Turn #71
------------------
Player 2 targets Row 0 Column 5.
Player 2's shot missed.

Turn #72
------------------
Player 1 targets Row 8 Column 0.
Player 1's shot missed.

Turn #73
------------------
Player 2 targets Row 1 Column 4.
Player 2's shot on Row 1 Column 4 hits enemy Battleship.
Enemy Battleship takes damage.

Turn #74
------------------
Player 1 targets Row 8 Column 2.
Player 1's shot missed.

Turn #75
------------------
Player 2 targets Row 0 Column 4.
Player 2's shot missed.

Turn #76
------------------
Player 1 targets Row 9 Column 0.
Player 1's shot missed.

Turn #77
------------------
Player 2 targets Row 1 Column 3.
Player 2's shot missed.

Turn #78
------------------
Player 1 targets Row 9 Column 2.
Player 1's shot missed.

Turn #79
------------------
Player 2 targets Row 2 Column 4.
Player 2's shot missed.

Turn #80
------------------
Player 1 targets Row 3 Column 1.
Player 1's shot missed.

Turn #81
------------------
Player 2 targets Row 1 Column 6.
Player 2's shot on Row 1 Column 6 hits enemy Battleship.
Enemy Battleship takes damage.

Turn #82
------------------
Player 1 targets Row 6 Column 2.
Player 1's shot missed.

Turn #83
------------------
Player 2 targets Row 2 Column 5.
Player 2's shot missed.

Turn #84
------------------
Player 1 targets Row 5 Column 1.
Player 1's shot missed.

Turn #85
------------------
Player 2 targets Row 1 Column 7.
Player 2's shot on Row 1 Column 7 hits enemy Battleship.
Enemy Battleship takes damage.
Player 2 has sunk the enemy Battleship!

Turn #86
------------------
Player 1 targets Row 3 Column 2.
Player 1's shot missed.

Turn #87
------------------
Player 2 targets Row 0 Column 7.
Player 2's shot missed.

Turn #88
------------------
Player 1 targets Row 2 Column 1.
Player 1's shot missed.

Turn #89
------------------
Player 2 targets Row 1 Column 8.
Player 2's shot missed.

Turn #90
------------------
Player 1 targets Row 7 Column 6.
Player 1's shot missed.

Turn #91
------------------
Player 2 targets Row 2 Column 7.
Player 2's shot missed.

Turn #92
------------------
Player 1 targets Row 1 Column 2.
Player 1's shot on Row 1 Column 2 hits enemy Battleship.
Enemy Battleship takes damage.

Turn #93
------------------
Player 2 targets Row 5 Column 3.
Player 2's shot missed.

Turn #94
------------------
Player 1 targets Row 0 Column 2.
Player 1's shot missed.

Turn #95
------------------
Player 2 targets Row 8 Column 6.
Player 2's shot missed.

Turn #96
------------------
Player 1 targets Row 1 Column 1.
Player 1's shot missed.

Turn #97
------------------
Player 2 targets Row 5 Column 7.
Player 2's shot missed.

Turn #98
------------------
Player 1 targets Row 1 Column 3.
Player 1's shot on Row 1 Column 3 hits enemy Battleship.
Enemy Battleship takes damage.

Turn #99
------------------
Player 2 targets Row 2 Column 8.
Player 2's shot missed.

Turn #100
------------------
Player 1 targets Row 2 Column 2.
Player 1's shot missed.

Turn #101
------------------
Player 2 targets Row 8 Column 4.
Player 2's shot missed.

Turn #102
------------------
Player 1 targets Row 0 Column 3.
Player 1's shot missed.

Turn #103
------------------
Player 2 targets Row 7 Column 0.
Player 2's shot on Row 7 Column 0 hits enemy Submarine.
Enemy Submarine takes damage.

Turn #104
------------------
Player 1 targets Row 1 Column 4.
Player 1's shot on Row 1 Column 4 hits enemy Battleship.
Enemy Battleship takes damage.

Turn #105
------------------
Player 2 targets Row 6 Column 0.
Player 2's shot on Row 6 Column 0 hits enemy Submarine.
Enemy Submarine takes damage.

Turn #106
------------------
Player 1 targets Row 2 Column 3.
Player 1's shot missed.

Turn #107
------------------
Player 2 targets Row 7 Column 1.
Player 2's shot missed.

Turn #108
------------------
Player 1 targets Row 0 Column 4.
Player 1's shot missed.

Turn #109
------------------
Player 2 targets Row 8 Column 0.
Player 2's shot on Row 8 Column 0 hits enemy Submarine.
Enemy Submarine takes damage.
Player 2 has sunk the enemy Submarine!
Player 2 has sunk all enemy ships.
Player 2 has won the game!

***End of Game 2 Statistics***
Game 2 lasted 109 turns.
Total shots fired: 109
Total shots hit: 33
Total shots missed: 76
Total ships sunk: 9

Player 1 Statistics:
   Number of hits: 16
   Number of misses: 38
   Number of shots: 54
   Hit percentage: 29.63%
   Ships sunk: 4
   Was winner: 0

Player 2 Statistics:
   Number of hits: 17
   Number of misses: 38
   Number of shots: 55
   Hit percentage: 30.91%
   Ships sunk: 5
   Was winner: 1


Turn #1
------------------
Player 1 targets Row 1 Column 7.
Player 1's shot missed.

Turn #2
------------------
Player 2 targets Row 3 Column 9.
Player 2's shot missed.

Turn #3
------------------
Player 1 targets Row 5 Column 4.
Player 1's shot on Row 5 Column 4 hits enemy Cruiser.
Enemy Cruiser takes damage.

Turn #4
------------------
Player 2 targets Row 8 Column 5.
Player 2's shot missed.

Turn #5
------------------
Player 1 targets Row 4 Column 4.
Player 1's shot on Row 4 Column 4 hits enemy Carrier.
Enemy Carrier takes damage.

Turn #6
------------------
Player 2 targets Row 9 Column 5.
Player 2's shot on Row 9 Column 5 hits enemy Cruiser.
Enemy Cruiser takes damage.

Turn #7
------------------
Player 1 targets Row 3 Column 4.
Player 1's shot missed.

Turn #8
------------------
Player 2 targets Row 9 Column 4.
Player 2's shot on Row 9 Column 4 hits enemy Cruiser.
Enemy Cruiser takes damage.

Turn #9
------------------
Player 1 targets Row 4 Column 3.
Player 1's shot missed.

Turn #10
------------------
Player 2 targets Row 8 Column 4.
Player 2's shot missed.

Turn #11
------------------
Player 1 targets Row 4 Column 5.
Player 1's shot on Row 4 Column 5 hits enemy Carrier.
Enemy Carrier takes damage.

Turn #12
------------------
Player 2 targets Row 9 Column 3.
Player 2's shot missed.

Turn #13
------------------
Player 1 targets Row 3 Column 5.
Player 1's shot missed.

Turn #14
------------------
Player 2 targets Row 9 Column 6.
Player 2's shot on Row 9 Column 6 hits enemy Cruiser.
Enemy Cruiser takes damage.
Player 2 has sunk the enemy Cruiser!

Turn #15
------------------
Player 1 targets Row 4 Column 6.
Player 1's shot on Row 4 Column 6 hits enemy Carrier.
Enemy Carrier takes damage.

Turn #16
------------------
Player 2 targets Row 8 Column 6.
Player 2's shot missed.

Turn #17
------------------
Player 1 targets Row 5 Column 5.
Player 1's shot on Row 5 Column 5 hits enemy Cruiser.
Enemy Cruiser takes damage.

Turn #18
------------------
Player 2 targets Row 9 Column 7.
Player 2's shot missed.

Turn #19
------------------
Player 1 targets Row 3 Column 6.
Player 1's shot missed.

Turn #20
------------------
Player 2 targets Row 1 Column 7.
Player 2's shot missed.

Turn #21
------------------
Player 1 targets Row 4 Column 7.
Player 1's shot on Row 4 Column 7 hits enemy Carrier.
Enemy Carrier takes damage.

Turn #22
------------------
Player 2 targets Row 2 Column 5.
Player 2's shot missed.

Turn #23
------------------
Player 1 targets Row 5 Column 6.
Player 1's shot on Row 5 Column 6 hits enemy Cruiser.
Enemy Cruiser takes damage.
Player 1 has sunk the enemy Cruiser!

Turn #24
------------------
Player 2 targets Row 4 Column 9.
Player 2's shot missed.

Turn #25
------------------
Player 1 targets Row 3 Column 7.
Player 1's shot missed.

Turn #26
------------------
Player 2 targets Row 4 Column 3.
Player 2's shot missed.

Turn #27
------------------
Player 1 targets Row 4 Column 8.
Player 1's shot on Row 4 Column 8 hits enemy Carrier.
Enemy Carrier takes damage.
Player 1 has sunk the enemy Carrier!

Turn #28
------------------
Player 2 targets Row 8 Column 2.
Player 2's shot on Row 8 Column 2 hits enemy Destroyer.
Enemy Destroyer takes damage.

Turn #29
------------------
Player 1 targets Row 5 Column 7.
Player 1's shot missed.

Turn #30
------------------
Player 2 targets Row 7 Column 2.
Player 2's shot on Row 7 Column 2 hits enemy Destroyer.
Enemy Destroyer takes damage.
Player 2 has sunk the enemy Destroyer!

Turn #31
------------------
Player 1 targets Row 3 Column 8.
Player 1's shot missed.

Turn #32
------------------
Player 2 targets Row 6 Column 2.
Player 2's shot missed.

Turn #33
------------------
Player 1 targets Row 4 Column 9.
Player 1's shot missed.

Turn #34
------------------
Player 2 targets Row 7 Column 1.
Player 2's shot missed.

Turn #35
------------------
Player 1 targets Row 5 Column 8.
Player 1's shot missed.

Turn #36
------------------
Player 2 targets Row 7 Column 3.
Player 2's shot missed.

Turn #37
------------------
Player 1 targets Row 5 Column 3.
Player 1's shot missed.

Turn #38
------------------
Player 2 targets Row 8 Column 1.
Player 2's shot missed.

Turn #39
------------------
Player 1 targets Row 6 Column 4.
Player 1's shot missed.

Turn #40
------------------
Player 2 targets Row 8 Column 3.
Player 2's shot missed.

Turn #41
------------------
Player 1 targets Row 6 Column 5.
Player 1's shot on Row 6 Column 5 hits enemy Destroyer.
Enemy Destroyer takes damage.

Turn #42
------------------
Player 2 targets Row 9 Column 2.
Player 2's shot missed.

Turn #43
------------------
Player 1 targets Row 6 Column 6.
Player 1's shot missed.

Turn #44
------------------
Player 2 targets Row 0 Column 6.
Player 2's shot on Row 0 Column 6 hits enemy Battleship.
Enemy Battleship takes damage.

Turn #45
------------------
Player 1 targets Row 7 Column 5.
Player 1's shot on Row 7 Column 5 hits enemy Destroyer.
Enemy Destroyer takes damage.
Player 1 has sunk the enemy Destroyer!

Turn #46
------------------
Player 2 targets Row 0 Column 5.
Player 2's shot on Row 0 Column 5 hits enemy Battleship.
Enemy Battleship takes damage.

Turn #47
------------------
Player 1 targets Row 7 Column 4.
Player 1's shot missed.

Turn #48
------------------
Player 2 targets Row 0 Column 4.
Player 2's shot on Row 0 Column 4 hits enemy Battleship.
Enemy Battleship takes damage.

Turn #49
------------------
Player 1 targets Row 7 Column 6.
Player 1's shot missed.

Turn #50
------------------
Player 2 targets Row 0 Column 3.
Player 2's shot on Row 0 Column 3 hits enemy Battleship.
Enemy Battleship takes damage.
Player 2 has sunk the enemy Battleship!

Turn #51
------------------
Player 1 targets Row 8 Column 5.
Player 1's shot missed.

Turn #52
------------------
Player 2 targets Row 0 Column 2.
Player 2's shot missed.

Turn #53
------------------
Player 1 targets Row 0 Column 6.
Player 1's shot missed.

Turn #54
------------------
Player 2 targets Row 1 Column 3.
Player 2's shot missed.

Turn #55
------------------
Player 1 targets Row 7 Column 7.
Player 1's shot missed.

Turn #56
------------------
Player 2 targets Row 1 Column 4.
Player 2's shot missed.

Turn #57
------------------
Player 1 targets Row 5 Column 0.
Player 1's shot missed.

Turn #58
------------------
Player 2 targets Row 1 Column 5.
Player 2's shot missed.

Turn #59
------------------
Player 1 targets Row 2 Column 8.
Player 1's shot missed.

Turn #60
------------------
Player 2 targets Row 0 Column 7.
Player 2's shot missed.

Turn #61
------------------
Player 1 targets Row 3 Column 0.
Player 1's shot missed.

Turn #62
------------------
Player 2 targets Row 1 Column 6.
Player 2's shot missed.

Turn #63
------------------
Player 1 targets Row 8 Column 6.
Player 1's shot missed.

Turn #64
------------------
Player 2 targets Row 0 Column 0.
Player 2's shot missed.

Turn #65
------------------
Player 1 targets Row 8 Column 2.
Player 1's shot missed.

Turn #66
------------------
Player 2 targets Row 5 Column 8.
Player 2's shot missed.

Turn #67
------------------
Player 1 targets Row 9 Column 6.
Player 1's shot missed.

Turn #68
------------------
Player 2 targets Row 4 Column 8.
Player 2's shot missed.

Turn #69
------------------
Player 1 targets Row 2 Column 9.
Player 1's shot missed.

Turn #70
------------------
Player 2 targets Row 4 Column 7.
Player 2's shot missed.

Turn #71
------------------
Player 1 targets Row 2 Column 1.
Player 1's shot on Row 2 Column 1 hits enemy Battleship.
Enemy Battleship takes damage.

Turn #72
------------------
Player 2 targets Row 5 Column 5.
Player 2's shot missed.

Turn #73
------------------
Player 1 targets Row 1 Column 1.
Player 1's shot missed.

Turn #74
------------------
Player 2 targets Row 5 Column 0.
Player 2's shot missed.

Turn #75
------------------
Player 1 targets Row 2 Column 0.
Player 1's shot on Row 2 Column 0 hits enemy Battleship.
Enemy Battleship takes damage.

Turn #76
------------------
Player 2 targets Row 7 Column 9.
Player 2's shot on Row 7 Column 9 hits enemy Submarine.
Enemy Submarine takes damage.

Turn #77
------------------
Player 1 targets Row 1 Column 0.
Player 1's shot missed.

Turn #78
------------------
Player 2 targets Row 6 Column 9.
Player 2's shot missed.

Turn #79
------------------
Player 1 targets Row 2 Column 2.
Player 1's shot on Row 2 Column 2 hits enemy Battleship.
Enemy Battleship takes damage.

Turn #80
------------------
Player 2 targets Row 7 Column 8.
Player 2's shot on Row 7 Column 8 hits enemy Submarine.
Enemy Submarine takes damage.

Turn #81
------------------
Player 1 targets Row 3 Column 1.
Player 1's shot missed.

Turn #82
------------------
Player 2 targets Row 6 Column 8.
Player 2's shot missed.

Turn #83
------------------
Player 1 targets Row 1 Column 2.
Player 1's shot missed.

Turn #84
------------------
Player 2 targets Row 7 Column 7.
Player 2's shot on Row 7 Column 7 hits enemy Submarine.
Enemy Submarine takes damage.
Player 2 has sunk the enemy Submarine!

Turn #85
------------------
Player 1 targets Row 2 Column 3.
Player 1's shot on Row 2 Column 3 hits enemy Battleship.
Enemy Battleship takes damage.
Player 1 has sunk the enemy Battleship!

Turn #86
------------------
Player 2 targets Row 6 Column 7.
Player 2's shot missed.

Turn #87
------------------
Player 1 targets Row 3 Column 2.
Player 1's shot missed.

Turn #88
------------------
Player 2 targets Row 7 Column 6.
Player 2's shot missed.

Turn #89
------------------
Player 1 targets Row 1 Column 3.
Player 1's shot missed.

Turn #90
------------------
Player 2 targets Row 8 Column 7.
Player 2's shot missed.

Turn #91
------------------
Player 1 targets Row 2 Column 4.
Player 1's shot missed.

Turn #92
------------------
Player 2 targets Row 8 Column 8.
Player 2's shot missed.

Turn #93
------------------
Player 1 targets Row 3 Column 3.
Player 1's shot missed.

Turn #94
------------------
Player 2 targets Row 8 Column 9.
Player 2's shot missed.

Turn #95
------------------
Player 1 targets Row 7 Column 1.
Player 1's shot missed.

Turn #96
------------------
Player 2 targets Row 9 Column 8.
Player 2's shot missed.

Turn #97
------------------
Player 1 targets Row 1 Column 4.
Player 1's shot missed.

Turn #98
------------------
Player 2 targets Row 2 Column 4.
Player 2's shot missed.

Turn #99
------------------
Player 1 targets Row 9 Column 3.
Player 1's shot missed.

Turn #100
------------------
Player 2 targets Row 1 Column 2.
Player 2's shot missed.

Turn #101
------------------
Player 1 targets Row 2 Column 6.
Player 1's shot missed.

Turn #102
------------------
Player 2 targets Row 2 Column 0.
Player 2's shot missed.

Turn #103
------------------
Player 1 targets Row 7 Column 9.
Player 1's shot missed.

Turn #104
------------------
Player 2 targets Row 6 Column 4.
Player 2's shot missed.

Turn #105
------------------
Player 1 targets Row 6 Column 7.
Player 1's shot missed.

Turn #106
------------------
Player 2 targets Row 1 Column 1.
Player 2's shot missed.

Turn #107
------------------
Player 1 targets Row 4 Column 2.
Player 1's shot missed.

Turn #108
------------------
Player 2 targets Row 2 Column 2.
Player 2's shot missed.

Turn #109
------------------
Player 1 targets Row 8 Column 7.
Player 1's shot missed.

Turn #110
------------------
Player 2 targets Row 2 Column 1.
Player 2's shot missed.

Turn #111
------------------
Player 1 targets Row 8 Column 3.
Player 1's shot on Row 8 Column 3 hits enemy Submarine.
Enemy Submarine takes damage.

Turn #112
------------------
Player 2 targets Row 5 Column 7.
Player 2's shot missed.

Turn #113
------------------
Player 1 targets Row 7 Column 3.
Player 1's shot on Row 7 Column 3 hits enemy Submarine.
Enemy Submarine takes damage.

Turn #114
------------------
Player 2 targets Row 5 Column 9.
Player 2's shot missed.

Turn #115
------------------
Player 1 targets Row 6 Column 3.
Player 1's shot on Row 6 Column 3 hits enemy Submarine.
Enemy Submarine takes damage.
Player 1 has sunk the enemy Submarine!
Player 1 has sunk all enemy ships.
Player 1 has won the game!

***End of Game 3 Statistics***
Game 3 lasted 115 turns.
Total shots fired: 115
Total shots hit: 29
Total shots missed: 86
Total ships sunk: 9

Player 1 Statistics:
   Number of hits: 17
   Number of misses: 41
   Number of shots: 58
   Hit percentage: 29.31%
   Ships sunk: 5
   Was winner: 1

Player 2 Statistics:
   Number of hits: 12
   Number of misses: 45
   Number of shots: 57
   Hit percentage: 21.05%
   Ships sunk: 4
   Was winner: 0


Turn #1
------------------
Player 2 targets Row 6 Column 3.
Player 2's shot on Row 6 Column 3 hits enemy Cruiser.
Enemy Cruiser takes damage.

Turn #2
------------------
Player 1 targets Row 5 Column 2.
Player 1's shot missed.

Turn #3
------------------
Player 2 targets Row 5 Column 3.
Player 2's shot on Row 5 Column 3 hits enemy Cruiser.
Enemy Cruiser takes damage.

Turn #4
------------------
Player 1 targets Row 1 Column 4.
Player 1's shot missed.

Turn #5
------------------
Player 2 targets Row 4 Column 3.
Player 2's shot missed.

Turn #6
------------------
Player 1 targets Row 4 Column 3.
Player 1's shot missed.

Turn #7
------------------
Player 2 targets Row 5 Column 2.
Player 2's shot missed.

Turn #8
------------------
Player 1 targets Row 3 Column 4.
Player 1's shot missed.

Turn #9
------------------
Player 2 targets Row 5 Column 4.
Player 2's shot missed.

Turn #10
------------------
Player 1 targets Row 8 Column 5.
Player 1's shot missed.

Turn #11
------------------
Player 2 targets Row 6 Column 2.
Player 2's shot missed.

Turn #12
------------------
Player 1 targets Row 9 Column 2.
Player 1's shot missed.

Turn #13
------------------
Player 2 targets Row 6 Column 4.
Player 2's shot missed.

Turn #14
------------------
Player 1 targets Row 4 Column 7.
Player 1's shot on Row 4 Column 7 hits enemy Destroyer.
Enemy Destroyer takes damage.

Turn #15
------------------
Player 2 targets Row 7 Column 3.
Player 2's shot on Row 7 Column 3 hits enemy Cruiser.
Enemy Cruiser takes damage.
Player 2 has sunk the enemy Cruiser!

Turn #16
------------------
Player 1 targets Row 3 Column 7.
Player 1's shot missed.

Turn #17
------------------
Player 2 targets Row 7 Column 2.
Player 2's shot missed.

Turn #18
------------------
Player 1 targets Row 4 Column 6.
Player 1's shot missed.

Turn #19
------------------
Player 2 targets Row 7 Column 4.
Player 2's shot missed.

Turn #20
------------------
Player 1 targets Row 4 Column 8.
Player 1's shot on Row 4 Column 8 hits enemy Destroyer.
Enemy Destroyer takes damage.
Player 1 has sunk the enemy Destroyer!

Turn #21
------------------
Player 2 targets Row 8 Column 3.
Player 2's shot missed.

Turn #22
------------------
Player 1 targets Row 5 Column 7.
Player 1's shot missed.

Turn #23
------------------
Player 2 targets Row 9 Column 1.
Player 2's shot missed.

Turn #24
------------------
Player 1 targets Row 3 Column 8.
Player 1's shot missed.

Turn #25
------------------
Player 2 targets Row 1 Column 4.
Player 2's shot missed.

Turn #26
------------------
Player 1 targets Row 4 Column 9.
Player 1's shot missed.

Turn #27
------------------
Player 2 targets Row 0 Column 4.
Player 2's shot missed.

Turn #28
------------------
Player 1 targets Row 5 Column 8.
Player 1's shot missed.

Turn #29
------------------
Player 2 targets Row 7 Column 1.
Player 2's shot missed.

Turn #30
------------------
Player 1 targets Row 2 Column 2.
Player 1's shot missed.

Turn #31
------------------
Player 2 targets Row 3 Column 9.
Player 2's shot missed.

Turn #32
------------------
Player 1 targets Row 8 Column 4.
Player 1's shot missed.

Turn #33
------------------
Player 2 targets Row 2 Column 5.
Player 2's shot missed.

Turn #34
------------------
Player 1 targets Row 2 Column 0.
Player 1's shot missed.

Turn #35
------------------
Player 2 targets Row 0 Column 7.
Player 2's shot missed.

Turn #36
------------------
Player 1 targets Row 2 Column 3.
Player 1's shot on Row 2 Column 3 hits enemy Battleship.
Enemy Battleship takes damage.

Turn #37
------------------
Player 2 targets Row 1 Column 9.
Player 2's shot missed.

Turn #38
------------------
Player 1 targets Row 1 Column 3.
Player 1's shot on Row 1 Column 3 hits enemy Battleship.
Enemy Battleship takes damage.

Turn #39
------------------
Player 2 targets Row 2 Column 3.
Player 2's shot missed.

Turn #40
------------------
Player 1 targets Row 0 Column 3.
Player 1's shot on Row 0 Column 3 hits enemy Battleship.
Enemy Battleship takes damage.

Turn #41
------------------
Player 2 targets Row 7 Column 0.
Player 2's shot missed.

Turn #42
------------------
Player 1 targets Row 0 Column 2.
Player 1's shot missed.

Turn #43
------------------
Player 2 targets Row 0 Column 5.
Player 2's shot missed.

Turn #44
------------------
Player 1 targets Row 0 Column 4.
Player 1's shot missed.

Turn #45
------------------
Player 2 targets Row 9 Column 7.
Player 2's shot missed.

Turn #46
------------------
Player 1 targets Row 1 Column 2.
Player 1's shot missed.

Turn #47
------------------
Player 2 targets Row 8 Column 9.
Player 2's shot missed.

Turn #48
------------------
Player 1 targets Row 2 Column 4.
Player 1's shot missed.

Turn #49
------------------
Player 2 targets Row 9 Column 9.
Player 2's shot missed.

Turn #50
------------------
Player 1 targets Row 3 Column 3.
Player 1's shot on Row 3 Column 3 hits enemy Battleship.
Enemy Battleship takes damage.
Player 1 has sunk the enemy Battleship!

Turn #51
------------------
Player 2 targets Row 3 Column 3.
Player 2's shot on Row 3 Column 3 hits enemy Battleship.
Enemy Battleship takes damage.

Turn #52
------------------
Player 1 targets Row 3 Column 2.
Player 1's shot missed.

Turn #53
------------------
Player 2 targets Row 3 Column 2.
Player 2's shot on Row 3 Column 2 hits enemy Battleship.
Enemy Battleship takes damage.

Turn #54
------------------
Player 1 targets Row 3 Column 6.
Player 1's shot missed.

Turn #55
------------------
Player 2 targets Row 2 Column 2.
Player 2's shot missed.

Turn #56
------------------
Player 1 targets Row 5 Column 4.
Player 1's shot missed.

Turn #57
------------------
Player 2 targets Row 3 Column 1.
Player 2's shot on Row 3 Column 1 hits enemy Battleship.
Enemy Battleship takes damage.

Turn #58
------------------
Player 1 targets Row 8 Column 0.
Player 1's shot missed.

Turn #59
------------------
Player 2 targets Row 2 Column 1.
Player 2's shot on Row 2 Column 1 hits enemy Submarine.
Enemy Submarine takes damage.

Turn #60
------------------
Player 1 targets Row 7 Column 3.
Player 1's shot missed.

Turn #61
------------------
Player 2 targets Row 1 Column 1.
Player 2's shot on Row 1 Column 1 hits enemy Submarine.
Enemy Submarine takes damage.

Turn #62
------------------
Player 1 targets Row 1 Column 5.
Player 1's shot missed.

Turn #63
------------------
Player 2 targets Row 0 Column 1.
Player 2's shot on Row 0 Column 1 hits enemy Submarine.
Enemy Submarine takes damage.
Player 2 has sunk the enemy Submarine!

Turn #64
------------------
Player 1 targets Row 9 Column 3.
Player 1's shot missed.

Turn #65
------------------
Player 2 targets Row 0 Column 0.
Player 2's shot missed.

Turn #66
------------------
Player 1 targets Row 5 Column 0.
Player 1's shot missed.

Turn #67
------------------
Player 2 targets Row 0 Column 2.
Player 2's shot missed.

Turn #68
------------------
Player 1 targets Row 6 Column 0.
Player 1's shot missed.

Turn #69
------------------
Player 2 targets Row 1 Column 0.
Player 2's shot missed.

Turn #70
------------------
Player 1 targets Row 8 Column 3.
Player 1's shot missed.

Turn #71
------------------
Player 2 targets Row 1 Column 2.
Player 2's shot missed.

Turn #72
------------------
Player 1 targets Row 7 Column 2.
Player 1's shot missed.

Turn #73
------------------
Player 2 targets Row 2 Column 0.
Player 2's shot missed.

Turn #74
------------------
Player 1 targets Row 1 Column 7.
Player 1's shot on Row 1 Column 7 hits enemy Submarine.
Enemy Submarine takes damage.

Turn #75
------------------
Player 2 targets Row 3 Column 0.
Player 2's shot missed.

Turn #76
------------------
Player 1 targets Row 0 Column 7.
Player 1's shot on Row 0 Column 7 hits enemy Submarine.
Enemy Submarine takes damage.

Turn #77
------------------
Player 2 targets Row 4 Column 1.
Player 2's shot missed.

Turn #78
------------------
Player 1 targets Row 0 Column 6.
Player 1's shot missed.

Turn #79
------------------
Player 2 targets Row 4 Column 2.
Player 2's shot missed.

Turn #80
------------------
Player 1 targets Row 0 Column 8.
Player 1's shot missed.

Turn #81
------------------
Player 2 targets Row 3 Column 4.
Player 2's shot on Row 3 Column 4 hits enemy Battleship.
Enemy Battleship takes damage.
Player 2 has sunk the enemy Battleship!

Turn #82
------------------
Player 1 targets Row 1 Column 6.
Player 1's shot missed.

Turn #83
------------------
Player 2 targets Row 2 Column 4.
Player 2's shot missed.

Turn #84
------------------
Player 1 targets Row 1 Column 8.
Player 1's shot missed.

Turn #85
------------------
Player 2 targets Row 3 Column 5.
Player 2's shot missed.

Turn #86
------------------
Player 1 targets Row 2 Column 7.
Player 1's shot on Row 2 Column 7 hits enemy Submarine.
Enemy Submarine takes damage.
Player 1 has sunk the enemy Submarine!

Turn #87
------------------
Player 2 targets Row 4 Column 4.
Player 2's shot missed.

Turn #88
------------------
Player 1 targets Row 2 Column 6.
Player 1's shot missed.

Turn #89
------------------
Player 2 targets Row 5 Column 9.
Player 2's shot missed.

Turn #90
------------------
Player 1 targets Row 2 Column 8.
Player 1's shot missed.

Turn #91
------------------
Player 2 targets Row 3 Column 6.
Player 2's shot missed.

Turn #92
------------------
Player 1 targets Row 3 Column 1.
Player 1's shot missed.

Turn #93
------------------
Player 2 targets Row 8 Column 7.
Player 2's shot missed.

Turn #94
------------------
Player 1 targets Row 9 Column 5.
Player 1's shot missed.

Turn #95
------------------
Player 2 targets Row 8 Column 4.
Player 2's shot missed.

Turn #96
------------------
Player 1 targets Row 4 Column 1.
Player 1's shot missed.

Turn #97
------------------
Player 2 targets Row 6 Column 0.
Player 2's shot missed.

Turn #98
------------------
Player 1 targets Row 8 Column 7.
Player 1's shot missed.

Turn #99
------------------
Player 2 targets Row 7 Column 7.
Player 2's shot missed.

Turn #100
------------------
Player 1 targets Row 6 Column 4.
Player 1's shot on Row 6 Column 4 hits enemy Carrier.
Enemy Carrier takes damage.

Turn #101
------------------
Player 2 targets Row 7 Column 8.
Player 2's shot missed.

Turn #102
------------------
Player 1 targets Row 6 Column 3.
Player 1's shot on Row 6 Column 3 hits enemy Carrier.
Enemy Carrier takes damage.

Turn #103
------------------
Player 2 targets Row 4 Column 5.
Player 2's shot missed.

Turn #104
------------------
Player 1 targets Row 5 Column 3.
Player 1's shot missed.

Turn #105
------------------
Player 2 targets Row 4 Column 8.
Player 2's shot on Row 4 Column 8 hits enemy Carrier.
Enemy Carrier takes damage.

Turn #106
------------------
Player 1 targets Row 6 Column 2.
Player 1's shot on Row 6 Column 2 hits enemy Carrier.
Enemy Carrier takes damage.

Turn #107
------------------
Player 2 targets Row 3 Column 8.
Player 2's shot on Row 3 Column 8 hits enemy Carrier.
Enemy Carrier takes damage.

Turn #108
------------------
Player 1 targets Row 6 Column 1.
Player 1's shot on Row 6 Column 1 hits enemy Carrier.
Enemy Carrier takes damage.

Turn #109
------------------
Player 2 targets Row 2 Column 8.
Player 2's shot on Row 2 Column 8 hits enemy Carrier.
Enemy Carrier takes damage.

Turn #110
------------------
Player 1 targets Row 5 Column 1.
Player 1's shot missed.

Turn #111
------------------
Player 2 targets Row 1 Column 8.
Player 2's shot on Row 1 Column 8 hits enemy Carrier.
Enemy Carrier takes damage.

Turn #112
------------------
Player 1 targets Row 7 Column 1.
Player 1's shot missed.

Turn #113
------------------
Player 2 targets Row 0 Column 8.
Player 2's shot on Row 0 Column 8 hits enemy Carrier.
Enemy Carrier takes damage.
Player 2 has sunk the enemy Carrier!

Turn #114
------------------
Player 1 targets Row 6 Column 5.
Player 1's shot on Row 6 Column 5 hits enemy Carrier.
Enemy Carrier takes damage.
Player 1 has sunk the enemy Carrier!

Turn #115
------------------
Player 2 targets Row 0 Column 9.
Player 2's shot missed.

Turn #116
------------------
Player 1 targets Row 7 Column 4.
Player 1's shot missed.

Turn #117
------------------
Player 2 targets Row 1 Column 7.
Player 2's shot missed.

Turn #118
------------------
Player 1 targets Row 5 Column 5.
Player 1's shot missed.

Turn #119
------------------
Player 2 targets Row 2 Column 7.
Player 2's shot missed.

Turn #120
------------------
Player 1 targets Row 6 Column 6.
Player 1's shot missed.

Turn #121
------------------
Player 2 targets Row 2 Column 9.
Player 2's shot missed.

Turn #122
------------------
Player 1 targets Row 7 Column 5.
Player 1's shot on Row 7 Column 5 hits enemy Cruiser.
Enemy Cruiser takes damage.

Turn #123
------------------
Player 2 targets Row 3 Column 7.
Player 2's shot missed.

Turn #124
------------------
Player 1 targets Row 7 Column 6.
Player 1's shot on Row 7 Column 6 hits enemy Cruiser.
Enemy Cruiser takes damage.

Turn #125
------------------
Player 2 targets Row 4 Column 7.
Player 2's shot on Row 4 Column 7 hits enemy Destroyer.
Enemy Destroyer takes damage.

Turn #126
------------------
Player 1 targets Row 7 Column 7.
Player 1's shot on Row 7 Column 7 hits enemy Cruiser.
Enemy Cruiser takes damage.
Player 1 has sunk the enemy Cruiser!
Player 1 has sunk all enemy ships.
Player 1 has won the game!

***End of Game 4 Statistics***
Game 4 lasted 126 turns.
Total shots fired: 126
Total shots hit: 33
Total shots missed: 93
Total ships sunk: 9

Player 1 Statistics:
   Number of hits: 17
   Number of misses: 46
   Number of shots: 63
   Hit percentage: 26.98%
   Ships sunk: 5
   Was winner: 1

Player 2 Statistics:
   Number of hits: 16
   Number of misses: 47
   Number of shots: 63
   Hit percentage: 25.40%
   Ships sunk: 4
   Was winner: 0

